{"C:\\Users\\carme\\repos\\Bootcamp-Hackathons\\week-6-hackathon-CarmenZak\\main.js": {"path":"C:\\Users\\carme\\repos\\Bootcamp-Hackathons\\week-6-hackathon-CarmenZak\\main.js","all":false,"statementMap":{"0":{"start":{"line":1,"column":0},"end":{"line":1,"column":155}},"1":{"start":{"line":2,"column":0},"end":{"line":2,"column":123}},"2":{"start":{"line":3,"column":0},"end":{"line":3,"column":0}},"3":{"start":{"line":4,"column":0},"end":{"line":4,"column":0}},"4":{"start":{"line":5,"column":0},"end":{"line":5,"column":43}},"5":{"start":{"line":6,"column":0},"end":{"line":6,"column":0}},"6":{"start":{"line":7,"column":0},"end":{"line":7,"column":20}},"7":{"start":{"line":8,"column":0},"end":{"line":8,"column":58}},"8":{"start":{"line":9,"column":0},"end":{"line":9,"column":46}},"9":{"start":{"line":10,"column":0},"end":{"line":10,"column":37}},"10":{"start":{"line":11,"column":0},"end":{"line":11,"column":2}}},"s":{"0":1,"1":1,"2":1,"3":1,"4":1,"5":4,"6":4,"7":4,"8":4,"9":4,"10":4},"branchMap":{"0":{"type":"branch","line":5,"loc":{"start":{"line":5,"column":7},"end":{"line":11,"column":2}},"locations":[{"start":{"line":5,"column":7},"end":{"line":11,"column":2}}]},"1":{"type":"branch","line":8,"loc":{"start":{"line":8,"column":36},"end":{"line":8,"column":56}},"locations":[{"start":{"line":8,"column":36},"end":{"line":8,"column":56}}]}},"b":{"0":[4],"1":[32]},"fnMap":{"0":{"name":"secretNumber","decl":{"start":{"line":5,"column":7},"end":{"line":11,"column":2}},"loc":{"start":{"line":5,"column":7},"end":{"line":11,"column":2}},"line":5}},"f":{"0":4}}
}
